  inputNumerico.cpp
C:\Proyects\SortApplic\SortApplic\inputNumerico.cpp(14,14): warning C4244: '=': conversión de 'T' a 'int'; posible pérdida de datos
C:\Proyects\SortApplic\SortApplic\inputNumerico.cpp(14,14): warning C4244:         with
C:\Proyects\SortApplic\SortApplic\inputNumerico.cpp(14,14): warning C4244:         [
C:\Proyects\SortApplic\SortApplic\inputNumerico.cpp(14,14): warning C4244:             T=float
C:\Proyects\SortApplic\SortApplic\inputNumerico.cpp(14,14): warning C4244:         ]
C:\Proyects\SortApplic\SortApplic\inputNumerico.cpp(15,17): warning C4244: '=': conversión de 'T' a 'int'; posible pérdida de datos
C:\Proyects\SortApplic\SortApplic\inputNumerico.cpp(15,17): warning C4244:         with
C:\Proyects\SortApplic\SortApplic\inputNumerico.cpp(15,17): warning C4244:         [
C:\Proyects\SortApplic\SortApplic\inputNumerico.cpp(15,17): warning C4244:             T=float
C:\Proyects\SortApplic\SortApplic\inputNumerico.cpp(15,17): warning C4244:         ]
  Menu.cpp
  MenuElegirParams.cpp
  SeleccionMultiple.cpp
  SortApplic.cpp
C:\Proyects\SortApplic\SortApplic\SortApplic.cpp(13,48): warning C4244: 'argumento': conversión de 'T' a 'float'; posible pérdida de datos
C:\Proyects\SortApplic\SortApplic\SortApplic.cpp(13,48): warning C4244:         with
C:\Proyects\SortApplic\SortApplic\SortApplic.cpp(13,48): warning C4244:         [
C:\Proyects\SortApplic\SortApplic\SortApplic.cpp(13,48): warning C4244:             T=unsigned int
C:\Proyects\SortApplic\SortApplic\SortApplic.cpp(13,48): warning C4244:         ]
C:\Proyects\SortApplic\SortApplic\SortApplic.cpp(13,28): warning C4244: 'argumento': conversión de 'T' a 'float'; posible pérdida de datos
C:\Proyects\SortApplic\SortApplic\SortApplic.cpp(13,28): warning C4244:         with
C:\Proyects\SortApplic\SortApplic\SortApplic.cpp(13,28): warning C4244:         [
C:\Proyects\SortApplic\SortApplic\SortApplic.cpp(13,28): warning C4244:             T=unsigned int
C:\Proyects\SortApplic\SortApplic\SortApplic.cpp(13,28): warning C4244:         ]
C:\Proyects\SortApplic\SortApplic\SortApplic.cpp(56,64): warning C4244: 'argumento': conversión de 'T' a 'float'; posible pérdida de datos
C:\Proyects\SortApplic\SortApplic\SortApplic.cpp(56,64): warning C4244:         with
C:\Proyects\SortApplic\SortApplic\SortApplic.cpp(56,64): warning C4244:         [
C:\Proyects\SortApplic\SortApplic\SortApplic.cpp(56,64): warning C4244:             T=unsigned int
C:\Proyects\SortApplic\SortApplic\SortApplic.cpp(56,64): warning C4244:         ]
C:\Proyects\SortApplic\SortApplic\SortApplic.cpp(56,39): warning C4244: 'argumento': conversión de 'T' a 'float'; posible pérdida de datos
C:\Proyects\SortApplic\SortApplic\SortApplic.cpp(56,39): warning C4244:         with
C:\Proyects\SortApplic\SortApplic\SortApplic.cpp(56,39): warning C4244:         [
C:\Proyects\SortApplic\SortApplic\SortApplic.cpp(56,39): warning C4244:             T=unsigned int
C:\Proyects\SortApplic\SortApplic\SortApplic.cpp(56,39): warning C4244:         ]
C:\Proyects\SortApplic\SortApplic\SortApplic.cpp(83,47): warning C4244: 'argumento': conversión de 'T' a 'float'; posible pérdida de datos
C:\Proyects\SortApplic\SortApplic\SortApplic.cpp(83,47): warning C4244:         with
C:\Proyects\SortApplic\SortApplic\SortApplic.cpp(83,47): warning C4244:         [
C:\Proyects\SortApplic\SortApplic\SortApplic.cpp(83,47): warning C4244:             T=unsigned int
C:\Proyects\SortApplic\SortApplic\SortApplic.cpp(83,47): warning C4244:         ]
  SortWindow.cpp
C:\Proyects\SortApplic\SortApplic\SortWindow.cpp(10,18): warning C4244: 'inicializando': conversión de 'float' a 'int'; posible pérdida de datos
C:\Proyects\SortApplic\SortApplic\SortWindow.cpp(20,52): warning C4244: 'argumento': conversión de 'int' a 'T'; posible pérdida de datos
C:\Proyects\SortApplic\SortApplic\SortWindow.cpp(20,52): warning C4244:         with
C:\Proyects\SortApplic\SortApplic\SortWindow.cpp(20,52): warning C4244:         [
C:\Proyects\SortApplic\SortApplic\SortWindow.cpp(20,52): warning C4244:             T=float
C:\Proyects\SortApplic\SortApplic\SortWindow.cpp(20,52): warning C4244:         ]
C:\Proyects\SortApplic\SortApplic\SortWindow.cpp(20,39): warning C4244: 'argumento': conversión de 'int' a 'T'; posible pérdida de datos
C:\Proyects\SortApplic\SortApplic\SortWindow.cpp(20,39): warning C4244:         with
C:\Proyects\SortApplic\SortApplic\SortWindow.cpp(20,39): warning C4244:         [
C:\Proyects\SortApplic\SortApplic\SortWindow.cpp(20,39): warning C4244:             T=float
C:\Proyects\SortApplic\SortApplic\SortWindow.cpp(20,39): warning C4244:         ]
C:\Proyects\SortApplic\SortApplic\SortWindow.cpp(21,19): warning C4244: 'argumento': conversión de 'int' a 'float'; posible pérdida de datos
  Generando código
  Previous IPDB not found, fall back to full compilation.
  All 247 functions were compiled because no usable IPDB/IOBJ from previous compilation was found.
  Generación de código finalizada
  SortApplic.vcxproj -> C:\Proyects\SortApplic\x64\Release\SortApplic.exe
